# JRE version: OpenJDK Runtime Environment (8.0_265-b01) (build 1.8.0_265-8u265-b01-0ubuntu2~20.04-b01)
# Java VM: OpenJDK 64-Bit Server VM (25.265-b01 mixed mode linux-amd64 compressed oops)
Heap:
 PSYoungGen      total 217088K, used 124101K [0x00000000f0000000, 0x0000000100000000, 0x0000000100000000)
  eden space 179200K, 48% used [0x00000000f0000000,0x00000000f543a210,0x00000000faf00000)
  from space 37888K, 99% used [0x00000000faf00000,0x00000000fd3f7240,0x00000000fd400000)
  to   space 45056K, 0% used [0x00000000fd400000,0x00000000fd400000,0x0000000100000000)
 ParOldGen       total 524288K, used 84048K [0x00000000d0000000, 0x00000000f0000000, 0x00000000f0000000)
  object space 524288K, 16% used [0x00000000d0000000,0x00000000d52141e0,0x00000000f0000000)
 Metaspace       used 71174K, capacity 74570K, committed 74712K, reserved 1114112K
  class space    used 8848K, capacity 9934K, committed 9944K, reserved 1048576K
GC Heap History (10 events):
Event: 24.536 GC heap before
{Heap before GC invocations=26 (full 3):
 PSYoungGen      total 224768K, used 202316K [0x00000000f0000000, 0x0000000100000000, 0x0000000100000000)
  eden space 185344K, 100% used [0x00000000f0000000,0x00000000fb500000,0x00000000fb500000)
  from space 39424K, 43% used [0x00000000fd980000,0x00000000fea13290,0x0000000100000000)
  to   space 37376K, 0% used [0x00000000fb500000,0x00000000fb500000,0x00000000fd980000)
 ParOldGen       total 524288K, used 84008K [0x00000000d0000000, 0x00000000f0000000, 0x00000000f0000000)
  object space 524288K, 16% used [0x00000000d0000000,0x00000000d520a1e0,0x00000000f0000000)
 Metaspace       used 64737K, capacity 66218K, committed 66392K, reserved 1107968K
  class space    used 7774K, capacity 8179K, committed 8280K, reserved 1048576K
Event: 24.546 GC heap after
Heap after GC invocations=26 (full 3):
 PSYoungGen      total 222720K, used 22307K [0x00000000f0000000, 0x0000000100000000, 0x0000000100000000)
  eden space 185344K, 0% used [0x00000000f0000000,0x00000000f0000000,0x00000000fb500000)
  from space 37376K, 59% used [0x00000000fb500000,0x00000000fcac8e08,0x00000000fd980000)
  to   space 37376K, 0% used [0x00000000fdb80000,0x00000000fdb80000,0x0000000100000000)
 ParOldGen       total 524288K, used 84016K [0x00000000d0000000, 0x00000000f0000000, 0x00000000f0000000)
  object space 524288K, 16% used [0x00000000d0000000,0x00000000d520c1e0,0x00000000f0000000)
 Metaspace       used 64737K, capacity 66218K, committed 66392K, reserved 1107968K
  class space    used 7774K, capacity 8179K, committed 8280K, reserved 1048576K
}
Event: 29.483 GC heap before
{Heap before GC invocations=27 (full 3):
 PSYoungGen      total 222720K, used 207651K [0x00000000f0000000, 0x0000000100000000, 0x0000000100000000)
  eden space 185344K, 100% used [0x00000000f0000000,0x00000000fb500000,0x00000000fb500000)
  from space 37376K, 59% used [0x00000000fb500000,0x00000000fcac8e08,0x00000000fd980000)
  to   space 37376K, 0% used [0x00000000fdb80000,0x00000000fdb80000,0x0000000100000000)
 ParOldGen       total 524288K, used 84016K [0x00000000d0000000, 0x00000000f0000000, 0x00000000f0000000)
  object space 524288K, 16% used [0x00000000d0000000,0x00000000d520c1e0,0x00000000f0000000)
 Metaspace       used 66118K, capacity 67786K, committed 67928K, reserved 1107968K
  class space    used 8008K, capacity 8514K, committed 8536K, reserved 1048576K
Event: 29.494 GC heap after
Heap after GC invocations=27 (full 3):
 PSYoungGen      total 223744K, used 24627K [0x00000000f0000000, 0x0000000100000000, 0x0000000100000000)
  eden space 186368K, 0% used [0x00000000f0000000,0x00000000f0000000,0x00000000fb600000)
  from space 37376K, 65% used [0x00000000fdb80000,0x00000000ff38ce50,0x0000000100000000)
  to   space 37888K, 0% used [0x00000000fb600000,0x00000000fb600000,0x00000000fdb00000)
 ParOldGen       total 524288K, used 84024K [0x00000000d0000000, 0x00000000f0000000, 0x00000000f0000000)
  object space 524288K, 16% used [0x00000000d0000000,0x00000000d520e1e0,0x00000000f0000000)
 Metaspace       used 66118K, capacity 67786K, committed 67928K, reserved 1107968K
  class space    used 8008K, capacity 8514K, committed 8536K, reserved 1048576K
}
Event: 70.505 GC heap before
{Heap before GC invocations=28 (full 3):
 PSYoungGen      total 223744K, used 210995K [0x00000000f0000000, 0x0000000100000000, 0x0000000100000000)
  eden space 186368K, 100% used [0x00000000f0000000,0x00000000fb600000,0x00000000fb600000)
  from space 37376K, 65% used [0x00000000fdb80000,0x00000000ff38ce50,0x0000000100000000)
  to   space 37888K, 0% used [0x00000000fb600000,0x00000000fb600000,0x00000000fdb00000)
 ParOldGen       total 524288K, used 84024K [0x00000000d0000000, 0x00000000f0000000, 0x00000000f0000000)
  object space 524288K, 16% used [0x00000000d0000000,0x00000000d520e1e0,0x00000000f0000000)
 Metaspace       used 67020K, capacity 68898K, committed 69080K, reserved 1110016K
  class space    used 8102K, capacity 8644K, committed 8664K, reserved 1048576K
Event: 70.515 GC heap after
Heap after GC invocations=28 (full 3):
 PSYoungGen      total 213504K, used 26692K [0x00000000f0000000, 0x0000000100000000, 0x0000000100000000)
  eden space 186368K, 0% used [0x00000000f0000000,0x00000000f0000000,0x00000000fb600000)
  from space 27136K, 98% used [0x00000000fb600000,0x00000000fd011218,0x00000000fd080000)
  to   space 38912K, 0% used [0x00000000fda00000,0x00000000fda00000,0x0000000100000000)
 ParOldGen       total 524288K, used 84032K [0x00000000d0000000, 0x00000000f0000000, 0x00000000f0000000)
  object space 524288K, 16% used [0x00000000d0000000,0x00000000d52101e0,0x00000000f0000000)
 Metaspace       used 67020K, capacity 68898K, committed 69080K, reserved 1110016K
  class space    used 8102K, capacity 8644K, committed 8664K, reserved 1048576K
}
Event: 72.890 GC heap before
{Heap before GC invocations=29 (full 3):
 PSYoungGen      total 213504K, used 213060K [0x00000000f0000000, 0x0000000100000000, 0x0000000100000000)
  eden space 186368K, 100% used [0x00000000f0000000,0x00000000fb600000,0x00000000fb600000)
  from space 27136K, 98% used [0x00000000fb600000,0x00000000fd011218,0x00000000fd080000)
  to   space 38912K, 0% used [0x00000000fda00000,0x00000000fda00000,0x0000000100000000)
 ParOldGen       total 524288K, used 84032K [0x00000000d0000000, 0x00000000f0000000, 0x00000000f0000000)
  object space 524288K, 16% used [0x00000000d0000000,0x00000000d52101e0,0x00000000f0000000)
 Metaspace       used 68659K, capacity 71224K, committed 71384K, reserved 1112064K
  class space    used 8451K, capacity 9388K, committed 9432K, reserved 1048576K
Event: 72.902 GC heap after
Heap after GC invocations=29 (full 3):
 PSYoungGen      total 218112K, used 31731K [0x00000000f0000000, 0x0000000100000000, 0x0000000100000000)
  eden space 179200K, 0% used [0x00000000f0000000,0x00000000f0000000,0x00000000faf00000)
  from space 38912K, 81% used [0x00000000fda00000,0x00000000ff8fcd18,0x0000000100000000)
  to   space 41472K, 0% used [0x00000000faf00000,0x00000000faf00000,0x00000000fd780000)
 ParOldGen       total 524288K, used 84040K [0x00000000d0000000, 0x00000000f0000000, 0x00000000f0000000)
  object space 524288K, 16% used [0x00000000d0000000,0x00000000d52121e0,0x00000000f0000000)
 Metaspace       used 68659K, capacity 71224K, committed 71384K, reserved 1112064K
  class space    used 8451K, capacity 9388K, committed 9432K, reserved 1048576K
}
Event: 93.925 GC heap before
{Heap before GC invocations=30 (full 3):
 PSYoungGen      total 218112K, used 210931K [0x00000000f0000000, 0x0000000100000000, 0x0000000100000000)
  eden space 179200K, 100% used [0x00000000f0000000,0x00000000faf00000,0x00000000faf00000)
  from space 38912K, 81% used [0x00000000fda00000,0x00000000ff8fcd18,0x0000000100000000)
  to   space 41472K, 0% used [0x00000000faf00000,0x00000000faf00000,0x00000000fd780000)
 ParOldGen       total 524288K, used 84040K [0x00000000d0000000, 0x00000000f0000000, 0x00000000f0000000)
  object space 524288K, 16% used [0x00000000d0000000,0x00000000d52121e0,0x00000000f0000000)
 Metaspace       used 70192K, capacity 73482K, committed 73560K, reserved 1114112K
  class space    used 8747K, capacity 9807K, committed 9816K, reserved 1048576K
Event: 93.942 GC heap after
Heap after GC invocations=30 (full 3):
 PSYoungGen      total 217088K, used 37852K [0x00000000f0000000, 0x0000000100000000, 0x0000000100000000)
  eden space 179200K, 0% used [0x00000000f0000000,0x00000000f0000000,0x00000000faf00000)
  from space 37888K, 99% used [0x00000000faf00000,0x00000000fd3f7240,0x00000000fd400000)
  to   space 45056K, 0% used [0x00000000fd400000,0x00000000fd400000,0x0000000100000000)
 ParOldGen       total 524288K, used 84048K [0x00000000d0000000, 0x00000000f0000000, 0x00000000f0000000)
  object space 524288K, 16% used [0x00000000d0000000,0x00000000d52141e0,0x00000000f0000000)
 Metaspace       used 70192K, capacity 73482K, committed 73560K, reserved 1114112K
  class space    used 8747K, capacity 9807K, committed 9816K, reserved 1048576K
}

