# JRE version: OpenJDK Runtime Environment (8.0_265-b01) (build 1.8.0_265-8u265-b01-0ubuntu2~20.04-b01)
# Java VM: OpenJDK 64-Bit Server VM (25.265-b01 mixed mode linux-amd64 compressed oops)
Heap:
 PSYoungGen      total 212992K, used 27326K [0x00000000f0000000, 0x0000000100000000, 0x0000000100000000)
  eden space 164864K, 8% used [0x00000000f0000000,0x00000000f0d47e10,0x00000000fa100000)
  from space 48128K, 28% used [0x00000000fa100000,0x00000000fae67de8,0x00000000fd000000)
  to   space 47104K, 0% used [0x00000000fd200000,0x00000000fd200000,0x0000000100000000)
 ParOldGen       total 524288K, used 121440K [0x00000000d0000000, 0x00000000f0000000, 0x00000000f0000000)
  object space 524288K, 23% used [0x00000000d0000000,0x00000000d76980c8,0x00000000f0000000)
 Metaspace       used 73700K, capacity 78382K, committed 78424K, reserved 1118208K
  class space    used 9232K, capacity 10576K, committed 10584K, reserved 1048576K
GC Heap History (10 events):
Event: 1854.338 GC heap before
{Heap before GC invocations=48 (full 3):
 PSYoungGen      total 209408K, used 175300K [0x00000000f0000000, 0x0000000100000000, 0x0000000100000000)
  eden space 154624K, 100% used [0x00000000f0000000,0x00000000f9700000,0x00000000f9700000)
  from space 54784K, 37% used [0x00000000fca80000,0x00000000fdeb1388,0x0000000100000000)
  to   space 52736K, 0% used [0x00000000f9700000,0x00000000f9700000,0x00000000fca80000)
 ParOldGen       total 524288K, used 115110K [0x00000000d0000000, 0x00000000f0000000, 0x00000000f0000000)
  object space 524288K, 21% used [0x00000000d0000000,0x00000000d7069898,0x00000000f0000000)
 Metaspace       used 73537K, capacity 78160K, committed 78424K, reserved 1118208K
  class space    used 9215K, capacity 10531K, committed 10584K, reserved 1048576K
Event: 1854.348 GC heap after
Heap after GC invocations=48 (full 3):
 PSYoungGen      total 207360K, used 19649K [0x00000000f0000000, 0x0000000100000000, 0x0000000100000000)
  eden space 154624K, 0% used [0x00000000f0000000,0x00000000f0000000,0x00000000f9700000)
  from space 52736K, 37% used [0x00000000f9700000,0x00000000faa30618,0x00000000fca80000)
  to   space 51200K, 0% used [0x00000000fce00000,0x00000000fce00000,0x0000000100000000)
 ParOldGen       total 524288K, used 115174K [0x00000000d0000000, 0x00000000f0000000, 0x00000000f0000000)
  object space 524288K, 21% used [0x00000000d0000000,0x00000000d7079898,0x00000000f0000000)
 Metaspace       used 73537K, capacity 78160K, committed 78424K, reserved 1118208K
  class space    used 9215K, capacity 10531K, committed 10584K, reserved 1048576K
}
Event: 1885.004 GC heap before
{Heap before GC invocations=49 (full 3):
 PSYoungGen      total 207360K, used 174273K [0x00000000f0000000, 0x0000000100000000, 0x0000000100000000)
  eden space 154624K, 100% used [0x00000000f0000000,0x00000000f9700000,0x00000000f9700000)
  from space 52736K, 37% used [0x00000000f9700000,0x00000000faa30618,0x00000000fca80000)
  to   space 51200K, 0% used [0x00000000fce00000,0x00000000fce00000,0x0000000100000000)
 ParOldGen       total 524288K, used 115174K [0x00000000d0000000, 0x00000000f0000000, 0x00000000f0000000)
  object space 524288K, 21% used [0x00000000d0000000,0x00000000d7079898,0x00000000f0000000)
 Metaspace       used 73539K, capacity 78166K, committed 78424K, reserved 1118208K
  class space    used 9216K, capacity 10532K, committed 10584K, reserved 1048576K
Event: 1885.013 GC heap after
Heap after GC invocations=49 (full 3):
 PSYoungGen      total 211968K, used 15613K [0x00000000f0000000, 0x0000000100000000, 0x0000000100000000)
  eden space 160768K, 0% used [0x00000000f0000000,0x00000000f0000000,0x00000000f9d00000)
  from space 51200K, 30% used [0x00000000fce00000,0x00000000fdd3f4e8,0x0000000100000000)
  to   space 50176K, 0% used [0x00000000f9d00000,0x00000000f9d00000,0x00000000fce00000)
 ParOldGen       total 524288K, used 119518K [0x00000000d0000000, 0x00000000f0000000, 0x00000000f0000000)
  object space 524288K, 22% used [0x00000000d0000000,0x00000000d74b7898,0x00000000f0000000)
 Metaspace       used 73539K, capacity 78166K, committed 78424K, reserved 1118208K
  class space    used 9216K, capacity 10532K, committed 10584K, reserved 1048576K
}
Event: 1977.500 GC heap before
{Heap before GC invocations=50 (full 3):
 PSYoungGen      total 211968K, used 176381K [0x00000000f0000000, 0x0000000100000000, 0x0000000100000000)
  eden space 160768K, 100% used [0x00000000f0000000,0x00000000f9d00000,0x00000000f9d00000)
  from space 51200K, 30% used [0x00000000fce00000,0x00000000fdd3f4e8,0x0000000100000000)
  to   space 50176K, 0% used [0x00000000f9d00000,0x00000000f9d00000,0x00000000fce00000)
 ParOldGen       total 524288K, used 119518K [0x00000000d0000000, 0x00000000f0000000, 0x00000000f0000000)
  object space 524288K, 22% used [0x00000000d0000000,0x00000000d74b7898,0x00000000f0000000)
 Metaspace       used 73541K, capacity 78172K, committed 78424K, reserved 1118208K
  class space    used 9216K, capacity 10533K, committed 10584K, reserved 1048576K
Event: 1977.507 GC heap after
Heap after GC invocations=50 (full 3):
 PSYoungGen      total 210944K, used 14460K [0x00000000f0000000, 0x0000000100000000, 0x0000000100000000)
  eden space 160768K, 0% used [0x00000000f0000000,0x00000000f0000000,0x00000000f9d00000)
  from space 50176K, 28% used [0x00000000f9d00000,0x00000000fab1f3c8,0x00000000fce00000)
  to   space 49152K, 0% used [0x00000000fd000000,0x00000000fd000000,0x0000000100000000)
 ParOldGen       total 524288K, used 120519K [0x00000000d0000000, 0x00000000f0000000, 0x00000000f0000000)
  object space 524288K, 22% used [0x00000000d0000000,0x00000000d75b1f98,0x00000000f0000000)
 Metaspace       used 73541K, capacity 78172K, committed 78424K, reserved 1118208K
  class space    used 9216K, capacity 10533K, committed 10584K, reserved 1048576K
}
Event: 1979.106 GC heap before
{Heap before GC invocations=51 (full 3):
 PSYoungGen      total 210944K, used 175228K [0x00000000f0000000, 0x0000000100000000, 0x0000000100000000)
  eden space 160768K, 100% used [0x00000000f0000000,0x00000000f9d00000,0x00000000f9d00000)
  from space 50176K, 28% used [0x00000000f9d00000,0x00000000fab1f3c8,0x00000000fce00000)
  to   space 49152K, 0% used [0x00000000fd000000,0x00000000fd000000,0x0000000100000000)
 ParOldGen       total 524288K, used 120519K [0x00000000d0000000, 0x00000000f0000000, 0x00000000f0000000)
  object space 524288K, 22% used [0x00000000d0000000,0x00000000d75b1f98,0x00000000f0000000)
 Metaspace       used 73549K, capacity 78178K, committed 78424K, reserved 1118208K
  class space    used 9217K, capacity 10534K, committed 10584K, reserved 1048576K
Event: 1979.112 GC heap after
Heap after GC invocations=51 (full 3):
 PSYoungGen      total 214016K, used 14383K [0x00000000f0000000, 0x0000000100000000, 0x0000000100000000)
  eden space 164864K, 0% used [0x00000000f0000000,0x00000000f0000000,0x00000000fa100000)
  from space 49152K, 29% used [0x00000000fd000000,0x00000000fde0bf18,0x0000000100000000)
  to   space 48128K, 0% used [0x00000000fa100000,0x00000000fa100000,0x00000000fd000000)
 ParOldGen       total 524288K, used 120647K [0x00000000d0000000, 0x00000000f0000000, 0x00000000f0000000)
  object space 524288K, 23% used [0x00000000d0000000,0x00000000d75d1f98,0x00000000f0000000)
 Metaspace       used 73549K, capacity 78178K, committed 78424K, reserved 1118208K
  class space    used 9217K, capacity 10534K, committed 10584K, reserved 1048576K
}
Event: 2245.367 GC heap before
{Heap before GC invocations=52 (full 3):
 PSYoungGen      total 214016K, used 179247K [0x00000000f0000000, 0x0000000100000000, 0x0000000100000000)
  eden space 164864K, 100% used [0x00000000f0000000,0x00000000fa100000,0x00000000fa100000)
  from space 49152K, 29% used [0x00000000fd000000,0x00000000fde0bf18,0x0000000100000000)
  to   space 48128K, 0% used [0x00000000fa100000,0x00000000fa100000,0x00000000fd000000)
 ParOldGen       total 524288K, used 120647K [0x00000000d0000000, 0x00000000f0000000, 0x00000000f0000000)
  object space 524288K, 23% used [0x00000000d0000000,0x00000000d75d1f98,0x00000000f0000000)
 Metaspace       used 73681K, capacity 78338K, committed 78424K, reserved 1118208K
  class space    used 9225K, capacity 10566K, committed 10584K, reserved 1048576K
Event: 2245.377 GC heap after
Heap after GC invocations=52 (full 3):
 PSYoungGen      total 212992K, used 13727K [0x00000000f0000000, 0x0000000100000000, 0x0000000100000000)
  eden space 164864K, 0% used [0x00000000f0000000,0x00000000f0000000,0x00000000fa100000)
  from space 48128K, 28% used [0x00000000fa100000,0x00000000fae67de8,0x00000000fd000000)
  to   space 47104K, 0% used [0x00000000fd200000,0x00000000fd200000,0x0000000100000000)
 ParOldGen       total 524288K, used 121440K [0x00000000d0000000, 0x00000000f0000000, 0x00000000f0000000)
  object space 524288K, 23% used [0x00000000d0000000,0x00000000d76980c8,0x00000000f0000000)
 Metaspace       used 73681K, capacity 78338K, committed 78424K, reserved 1118208K
  class space    used 9225K, capacity 10566K, committed 10584K, reserved 1048576K
}

