# JRE version: OpenJDK Runtime Environment (8.0_265-b01) (build 1.8.0_265-8u265-b01-0ubuntu2~20.04-b01)
# Java VM: OpenJDK 64-Bit Server VM (25.265-b01 mixed mode linux-amd64 compressed oops)
Heap:
 PSYoungGen      total 178688K, used 67593K [0x00000000f0000000, 0x0000000100000000, 0x0000000100000000)
  eden space 102400K, 11% used [0x00000000f0000000,0x00000000f0bc03e0,0x00000000f6400000)
  from space 76288K, 72% used [0x00000000fb580000,0x00000000febc2028,0x0000000100000000)
  to   space 79872K, 0% used [0x00000000f6400000,0x00000000f6400000,0x00000000fb200000)
 ParOldGen       total 524288K, used 84102K [0x00000000d0000000, 0x00000000f0000000, 0x00000000f0000000)
  object space 524288K, 16% used [0x00000000d0000000,0x00000000d5221b08,0x00000000f0000000)
 Metaspace       used 79225K, capacity 83698K, committed 83800K, reserved 1122304K
  class space    used 9385K, capacity 10746K, committed 10840K, reserved 1048576K
GC Heap History (10 events):
Event: 668.215 GC heap before
{Heap before GC invocations=33 (full 3):
 PSYoungGen      total 202752K, used 202365K [0x00000000f0000000, 0x0000000100000000, 0x0000000100000000)
  eden space 159232K, 100% used [0x00000000f0000000,0x00000000f9b80000,0x00000000f9b80000)
  from space 43520K, 99% used [0x00000000f9d00000,0x00000000fc71f440,0x00000000fc780000)
  to   space 55296K, 0% used [0x00000000fca00000,0x00000000fca00000,0x0000000100000000)
 ParOldGen       total 524288K, used 84062K [0x00000000d0000000, 0x00000000f0000000, 0x00000000f0000000)
  object space 524288K, 16% used [0x00000000d0000000,0x00000000d5217b08,0x00000000f0000000)
 Metaspace       used 72654K, capacity 76256K, committed 76504K, reserved 1116160K
  class space    used 8868K, capacity 10077K, committed 10200K, reserved 1048576K
Event: 668.244 GC heap after
Heap after GC invocations=33 (full 3):
 PSYoungGen      total 198656K, used 45833K [0x00000000f0000000, 0x0000000100000000, 0x0000000100000000)
  eden space 143360K, 0% used [0x00000000f0000000,0x00000000f0000000,0x00000000f8c00000)
  from space 55296K, 82% used [0x00000000fca00000,0x00000000ff6c26c0,0x0000000100000000)
  to   space 59392K, 0% used [0x00000000f8c00000,0x00000000f8c00000,0x00000000fc600000)
 ParOldGen       total 524288K, used 84070K [0x00000000d0000000, 0x00000000f0000000, 0x00000000f0000000)
  object space 524288K, 16% used [0x00000000d0000000,0x00000000d5219b08,0x00000000f0000000)
 Metaspace       used 72654K, capacity 76256K, committed 76504K, reserved 1116160K
  class space    used 8868K, capacity 10077K, committed 10200K, reserved 1048576K
}
Event: 668.608 GC heap before
{Heap before GC invocations=34 (full 3):
 PSYoungGen      total 198656K, used 189193K [0x00000000f0000000, 0x0000000100000000, 0x0000000100000000)
  eden space 143360K, 100% used [0x00000000f0000000,0x00000000f8c00000,0x00000000f8c00000)
  from space 55296K, 82% used [0x00000000fca00000,0x00000000ff6c26c0,0x0000000100000000)
  to   space 59392K, 0% used [0x00000000f8c00000,0x00000000f8c00000,0x00000000fc600000)
 ParOldGen       total 524288K, used 84070K [0x00000000d0000000, 0x00000000f0000000, 0x00000000f0000000)
  object space 524288K, 16% used [0x00000000d0000000,0x00000000d5219b08,0x00000000f0000000)
 Metaspace       used 77746K, capacity 81442K, committed 81496K, reserved 1120256K
  class space    used 9104K, capacity 10326K, committed 10328K, reserved 1048576K
Event: 668.630 GC heap after
Heap after GC invocations=34 (full 3):
 PSYoungGen      total 197120K, used 53387K [0x00000000f0000000, 0x0000000100000000, 0x0000000100000000)
  eden space 143360K, 0% used [0x00000000f0000000,0x00000000f0000000,0x00000000f8c00000)
  from space 53760K, 99% used [0x00000000f8c00000,0x00000000fc022f78,0x00000000fc080000)
  to   space 65024K, 0% used [0x00000000fc080000,0x00000000fc080000,0x0000000100000000)
 ParOldGen       total 524288K, used 84078K [0x00000000d0000000, 0x00000000f0000000, 0x00000000f0000000)
  object space 524288K, 16% used [0x00000000d0000000,0x00000000d521bb08,0x00000000f0000000)
 Metaspace       used 77746K, capacity 81442K, committed 81496K, reserved 1120256K
  class space    used 9104K, capacity 10326K, committed 10328K, reserved 1048576K
}
Event: 684.451 GC heap before
{Heap before GC invocations=35 (full 3):
 PSYoungGen      total 197120K, used 196747K [0x00000000f0000000, 0x0000000100000000, 0x0000000100000000)
  eden space 143360K, 100% used [0x00000000f0000000,0x00000000f8c00000,0x00000000f8c00000)
  from space 53760K, 99% used [0x00000000f8c00000,0x00000000fc022f78,0x00000000fc080000)
  to   space 65024K, 0% used [0x00000000fc080000,0x00000000fc080000,0x0000000100000000)
 ParOldGen       total 524288K, used 84078K [0x00000000d0000000, 0x00000000f0000000, 0x00000000f0000000)
  object space 524288K, 16% used [0x00000000d0000000,0x00000000d521bb08,0x00000000f0000000)
 Metaspace       used 78212K, capacity 82140K, committed 82392K, reserved 1122304K
  class space    used 9167K, capacity 10406K, committed 10456K, reserved 1048576K
Event: 684.473 GC heap after
Heap after GC invocations=35 (full 3):
 PSYoungGen      total 183808K, used 56031K [0x00000000f0000000, 0x0000000100000000, 0x0000000100000000)
  eden space 118784K, 0% used [0x00000000f0000000,0x00000000f0000000,0x00000000f7400000)
  from space 65024K, 86% used [0x00000000fc080000,0x00000000ff737d50,0x0000000100000000)
  to   space 71680K, 0% used [0x00000000f7400000,0x00000000f7400000,0x00000000fba00000)
 ParOldGen       total 524288K, used 84086K [0x00000000d0000000, 0x00000000f0000000, 0x00000000f0000000)
  object space 524288K, 16% used [0x00000000d0000000,0x00000000d521db08,0x00000000f0000000)
 Metaspace       used 78212K, capacity 82140K, committed 82392K, reserved 1122304K
  class space    used 9167K, capacity 10406K, committed 10456K, reserved 1048576K
}
Event: 699.231 GC heap before
{Heap before GC invocations=36 (full 3):
 PSYoungGen      total 183808K, used 174815K [0x00000000f0000000, 0x0000000100000000, 0x0000000100000000)
  eden space 118784K, 100% used [0x00000000f0000000,0x00000000f7400000,0x00000000f7400000)
  from space 65024K, 86% used [0x00000000fc080000,0x00000000ff737d50,0x0000000100000000)
  to   space 71680K, 0% used [0x00000000f7400000,0x00000000f7400000,0x00000000fba00000)
 ParOldGen       total 524288K, used 84086K [0x00000000d0000000, 0x00000000f0000000, 0x00000000f0000000)
  object space 524288K, 16% used [0x00000000d0000000,0x00000000d521db08,0x00000000f0000000)
 Metaspace       used 78429K, capacity 82352K, committed 82392K, reserved 1122304K
  class space    used 9201K, capacity 10456K, committed 10456K, reserved 1048576K
Event: 699.250 GC heap after
Heap after GC invocations=36 (full 3):
 PSYoungGen      total 175616K, used 56621K [0x00000000f0000000, 0x0000000100000000, 0x0000000100000000)
  eden space 118784K, 0% used [0x00000000f0000000,0x00000000f0000000,0x00000000f7400000)
  from space 56832K, 99% used [0x00000000f7400000,0x00000000fab4b4c0,0x00000000fab80000)
  to   space 76288K, 0% used [0x00000000fb580000,0x00000000fb580000,0x0000000100000000)
 ParOldGen       total 524288K, used 84094K [0x00000000d0000000, 0x00000000f0000000, 0x00000000f0000000)
  object space 524288K, 16% used [0x00000000d0000000,0x00000000d521fb08,0x00000000f0000000)
 Metaspace       used 78429K, capacity 82352K, committed 82392K, reserved 1122304K
  class space    used 9201K, capacity 10456K, committed 10456K, reserved 1048576K
}
Event: 735.190 GC heap before
{Heap before GC invocations=37 (full 3):
 PSYoungGen      total 175616K, used 175405K [0x00000000f0000000, 0x0000000100000000, 0x0000000100000000)
  eden space 118784K, 100% used [0x00000000f0000000,0x00000000f7400000,0x00000000f7400000)
  from space 56832K, 99% used [0x00000000f7400000,0x00000000fab4b4c0,0x00000000fab80000)
  to   space 76288K, 0% used [0x00000000fb580000,0x00000000fb580000,0x0000000100000000)
 ParOldGen       total 524288K, used 84094K [0x00000000d0000000, 0x00000000f0000000, 0x00000000f0000000)
  object space 524288K, 16% used [0x00000000d0000000,0x00000000d521fb08,0x00000000f0000000)
 Metaspace       used 79210K, capacity 83680K, committed 83800K, reserved 1122304K
  class space    used 9381K, capacity 10740K, committed 10840K, reserved 1048576K
Event: 735.212 GC heap after
Heap after GC invocations=37 (full 3):
 PSYoungGen      total 178688K, used 55560K [0x00000000f0000000, 0x0000000100000000, 0x0000000100000000)
  eden space 102400K, 0% used [0x00000000f0000000,0x00000000f0000000,0x00000000f6400000)
  from space 76288K, 72% used [0x00000000fb580000,0x00000000febc2028,0x0000000100000000)
  to   space 79872K, 0% used [0x00000000f6400000,0x00000000f6400000,0x00000000fb200000)
 ParOldGen       total 524288K, used 84102K [0x00000000d0000000, 0x00000000f0000000, 0x00000000f0000000)
  object space 524288K, 16% used [0x00000000d0000000,0x00000000d5221b08,0x00000000f0000000)
 Metaspace       used 79210K, capacity 83680K, committed 83800K, reserved 1122304K
  class space    used 9381K, capacity 10740K, committed 10840K, reserved 1048576K
}

